<?xml version="1.0" encoding="UTF-8"?>
<testsuite name="CurrencyTest" tests="4" skipped="0" failures="0" errors="0" timestamp="2022-09-21T13:07:27" hostname="Shireens-MacBook-Air.local" time="0.045">
  <properties/>
  <testcase name="checkingGivenMoneyInTotalEqualOrNot()" classname="CurrencyTest" time="0.033"/>
  <testcase name="checkingGivenMoneyInTotalEqualOrNotWhenCurrencyTypesAreDifferent()" classname="CurrencyTest" time="0.004"/>
  <testcase name="checkingGivenTwoCurrenciesAreNotEqual()" classname="CurrencyTest" time="0.003"/>
  <testcase name="checkingGivenTwoCurrenciesAreEqual()" classname="CurrencyTest" time="0.001"/>
  <system-out><![CDATA[]]></system-out>
  <system-err><![CDATA[]]></system-err>
</testsuite>
